<?xml version="1.0" encoding="UTF-8"?>
<testsuite xmlns:xsi="http://www.w3.org/2001/XMLSchema-instance" xsi:noNamespaceSchemaLocation="https://maven.apache.org/surefire/maven-surefire-plugin/xsd/surefire-test-report.xsd" name="com.example.demo.DemoApplicationTests" time="4.282" tests="1" errors="0" skipped="0" failures="0">
  <properties>
    <property name="java.specification.version" value="14"/>
    <property name="sun.cpu.isalist" value="amd64"/>
    <property name="sun.jnu.encoding" value="MS949"/>
    <property name="java.class.path" value="D:\CODE\intellij\projects\sample-springwebflux-mongodb\target\test-classes;D:\CODE\intellij\projects\sample-springwebflux-mongodb\target\classes;C:\Users\rlarl\.m2\repository\org\springframework\boot\spring-boot-starter-data-mongodb-reactive\2.3.4.RELEASE\spring-boot-starter-data-mongodb-reactive-2.3.4.RELEASE.jar;C:\Users\rlarl\.m2\repository\org\springframework\boot\spring-boot-starter\2.3.4.RELEASE\spring-boot-starter-2.3.4.RELEASE.jar;C:\Users\rlarl\.m2\repository\org\springframework\boot\spring-boot-starter-logging\2.3.4.RELEASE\spring-boot-starter-logging-2.3.4.RELEASE.jar;C:\Users\rlarl\.m2\repository\ch\qos\logback\logback-classic\1.2.3\logback-classic-1.2.3.jar;C:\Users\rlarl\.m2\repository\ch\qos\logback\logback-core\1.2.3\logback-core-1.2.3.jar;C:\Users\rlarl\.m2\repository\org\apache\logging\log4j\log4j-to-slf4j\2.13.3\log4j-to-slf4j-2.13.3.jar;C:\Users\rlarl\.m2\repository\org\apache\logging\log4j\log4j-api\2.13.3\log4j-api-2.13.3.jar;C:\Users\rlarl\.m2\repository\org\slf4j\jul-to-slf4j\1.7.30\jul-to-slf4j-1.7.30.jar;C:\Users\rlarl\.m2\repository\jakarta\annotation\jakarta.annotation-api\1.3.5\jakarta.annotation-api-1.3.5.jar;C:\Users\rlarl\.m2\repository\org\yaml\snakeyaml\1.26\snakeyaml-1.26.jar;C:\Users\rlarl\.m2\repository\io\projectreactor\reactor-core\3.3.10.RELEASE\reactor-core-3.3.10.RELEASE.jar;C:\Users\rlarl\.m2\repository\org\reactivestreams\reactive-streams\1.0.3\reactive-streams-1.0.3.jar;C:\Users\rlarl\.m2\repository\org\mongodb\mongodb-driver-reactivestreams\4.0.5\mongodb-driver-reactivestreams-4.0.5.jar;C:\Users\rlarl\.m2\repository\org\mongodb\bson\4.0.5\bson-4.0.5.jar;C:\Users\rlarl\.m2\repository\org\mongodb\mongodb-driver-core\4.0.5\mongodb-driver-core-4.0.5.jar;C:\Users\rlarl\.m2\repository\org\springframework\data\spring-data-mongodb\3.0.4.RELEASE\spring-data-mongodb-3.0.4.RELEASE.jar;C:\Users\rlarl\.m2\repository\org\springframework\spring-tx\5.2.9.RELEASE\spring-tx-5.2.9.RELEASE.jar;C:\Users\rlarl\.m2\repository\org\springframework\spring-context\5.2.9.RELEASE\spring-context-5.2.9.RELEASE.jar;C:\Users\rlarl\.m2\repository\org\springframework\spring-aop\5.2.9.RELEASE\spring-aop-5.2.9.RELEASE.jar;C:\Users\rlarl\.m2\repository\org\springframework\spring-beans\5.2.9.RELEASE\spring-beans-5.2.9.RELEASE.jar;C:\Users\rlarl\.m2\repository\org\springframework\spring-expression\5.2.9.RELEASE\spring-expression-5.2.9.RELEASE.jar;C:\Users\rlarl\.m2\repository\org\springframework\data\spring-data-commons\2.3.4.RELEASE\spring-data-commons-2.3.4.RELEASE.jar;C:\Users\rlarl\.m2\repository\org\slf4j\slf4j-api\1.7.30\slf4j-api-1.7.30.jar;C:\Users\rlarl\.m2\repository\org\springframework\boot\spring-boot-starter-webflux\2.3.4.RELEASE\spring-boot-starter-webflux-2.3.4.RELEASE.jar;C:\Users\rlarl\.m2\repository\org\springframework\boot\spring-boot-starter-json\2.3.4.RELEASE\spring-boot-starter-json-2.3.4.RELEASE.jar;C:\Users\rlarl\.m2\repository\com\fasterxml\jackson\core\jackson-databind\2.11.2\jackson-databind-2.11.2.jar;C:\Users\rlarl\.m2\repository\com\fasterxml\jackson\core\jackson-annotations\2.11.2\jackson-annotations-2.11.2.jar;C:\Users\rlarl\.m2\repository\com\fasterxml\jackson\core\jackson-core\2.11.2\jackson-core-2.11.2.jar;C:\Users\rlarl\.m2\repository\com\fasterxml\jackson\datatype\jackson-datatype-jdk8\2.11.2\jackson-datatype-jdk8-2.11.2.jar;C:\Users\rlarl\.m2\repository\com\fasterxml\jackson\datatype\jackson-datatype-jsr310\2.11.2\jackson-datatype-jsr310-2.11.2.jar;C:\Users\rlarl\.m2\repository\com\fasterxml\jackson\module\jackson-module-parameter-names\2.11.2\jackson-module-parameter-names-2.11.2.jar;C:\Users\rlarl\.m2\repository\org\springframework\boot\spring-boot-starter-reactor-netty\2.3.4.RELEASE\spring-boot-starter-reactor-netty-2.3.4.RELEASE.jar;C:\Users\rlarl\.m2\repository\io\projectreactor\netty\reactor-netty\0.9.12.RELEASE\reactor-netty-0.9.12.RELEASE.jar;C:\Users\rlarl\.m2\repository\io\netty\netty-codec-http\4.1.52.Final\netty-codec-http-4.1.52.Final.jar;C:\Users\rlarl\.m2\repository\io\netty\netty-common\4.1.52.Final\netty-common-4.1.52.Final.jar;C:\Users\rlarl\.m2\repository\io\netty\netty-buffer\4.1.52.Final\netty-buffer-4.1.52.Final.jar;C:\Users\rlarl\.m2\repository\io\netty\netty-transport\4.1.52.Final\netty-transport-4.1.52.Final.jar;C:\Users\rlarl\.m2\repository\io\netty\netty-codec\4.1.52.Final\netty-codec-4.1.52.Final.jar;C:\Users\rlarl\.m2\repository\io\netty\netty-codec-http2\4.1.52.Final\netty-codec-http2-4.1.52.Final.jar;C:\Users\rlarl\.m2\repository\io\netty\netty-handler\4.1.52.Final\netty-handler-4.1.52.Final.jar;C:\Users\rlarl\.m2\repository\io\netty\netty-resolver\4.1.52.Final\netty-resolver-4.1.52.Final.jar;C:\Users\rlarl\.m2\repository\io\netty\netty-handler-proxy\4.1.52.Final\netty-handler-proxy-4.1.52.Final.jar;C:\Users\rlarl\.m2\repository\io\netty\netty-codec-socks\4.1.52.Final\netty-codec-socks-4.1.52.Final.jar;C:\Users\rlarl\.m2\repository\io\netty\netty-transport-native-epoll\4.1.52.Final\netty-transport-native-epoll-4.1.52.Final-linux-x86_64.jar;C:\Users\rlarl\.m2\repository\io\netty\netty-transport-native-unix-common\4.1.52.Final\netty-transport-native-unix-common-4.1.52.Final.jar;C:\Users\rlarl\.m2\repository\org\springframework\spring-web\5.2.9.RELEASE\spring-web-5.2.9.RELEASE.jar;C:\Users\rlarl\.m2\repository\org\springframework\spring-webflux\5.2.9.RELEASE\spring-webflux-5.2.9.RELEASE.jar;C:\Users\rlarl\.m2\repository\org\synchronoss\cloud\nio-multipart-parser\1.1.0\nio-multipart-parser-1.1.0.jar;C:\Users\rlarl\.m2\repository\org\synchronoss\cloud\nio-stream-storage\1.1.3\nio-stream-storage-1.1.3.jar;C:\Users\rlarl\.m2\repository\org\springframework\boot\spring-boot-devtools\2.3.4.RELEASE\spring-boot-devtools-2.3.4.RELEASE.jar;C:\Users\rlarl\.m2\repository\org\springframework\boot\spring-boot\2.3.4.RELEASE\spring-boot-2.3.4.RELEASE.jar;C:\Users\rlarl\.m2\repository\org\springframework\boot\spring-boot-autoconfigure\2.3.4.RELEASE\spring-boot-autoconfigure-2.3.4.RELEASE.jar;C:\Users\rlarl\.m2\repository\org\springframework\boot\spring-boot-configuration-processor\2.3.4.RELEASE\spring-boot-configuration-processor-2.3.4.RELEASE.jar;C:\Users\rlarl\.m2\repository\org\projectlombok\lombok\1.18.12\lombok-1.18.12.jar;C:\Users\rlarl\.m2\repository\org\springframework\boot\spring-boot-starter-test\2.3.4.RELEASE\spring-boot-starter-test-2.3.4.RELEASE.jar;C:\Users\rlarl\.m2\repository\org\springframework\boot\spring-boot-test\2.3.4.RELEASE\spring-boot-test-2.3.4.RELEASE.jar;C:\Users\rlarl\.m2\repository\org\springframework\boot\spring-boot-test-autoconfigure\2.3.4.RELEASE\spring-boot-test-autoconfigure-2.3.4.RELEASE.jar;C:\Users\rlarl\.m2\repository\com\jayway\jsonpath\json-path\2.4.0\json-path-2.4.0.jar;C:\Users\rlarl\.m2\repository\net\minidev\json-smart\2.3\json-smart-2.3.jar;C:\Users\rlarl\.m2\repository\net\minidev\accessors-smart\1.2\accessors-smart-1.2.jar;C:\Users\rlarl\.m2\repository\org\ow2\asm\asm\5.0.4\asm-5.0.4.jar;C:\Users\rlarl\.m2\repository\jakarta\xml\bind\jakarta.xml.bind-api\2.3.3\jakarta.xml.bind-api-2.3.3.jar;C:\Users\rlarl\.m2\repository\jakarta\activation\jakarta.activation-api\1.2.2\jakarta.activation-api-1.2.2.jar;C:\Users\rlarl\.m2\repository\org\assertj\assertj-core\3.16.1\assertj-core-3.16.1.jar;C:\Users\rlarl\.m2\repository\org\hamcrest\hamcrest\2.2\hamcrest-2.2.jar;C:\Users\rlarl\.m2\repository\org\junit\jupiter\junit-jupiter\5.6.2\junit-jupiter-5.6.2.jar;C:\Users\rlarl\.m2\repository\org\junit\jupiter\junit-jupiter-api\5.6.2\junit-jupiter-api-5.6.2.jar;C:\Users\rlarl\.m2\repository\org\apiguardian\apiguardian-api\1.1.0\apiguardian-api-1.1.0.jar;C:\Users\rlarl\.m2\repository\org\opentest4j\opentest4j\1.2.0\opentest4j-1.2.0.jar;C:\Users\rlarl\.m2\repository\org\junit\platform\junit-platform-commons\1.6.2\junit-platform-commons-1.6.2.jar;C:\Users\rlarl\.m2\repository\org\junit\jupiter\junit-jupiter-params\5.6.2\junit-jupiter-params-5.6.2.jar;C:\Users\rlarl\.m2\repository\org\junit\jupiter\junit-jupiter-engine\5.6.2\junit-jupiter-engine-5.6.2.jar;C:\Users\rlarl\.m2\repository\org\junit\platform\junit-platform-engine\1.6.2\junit-platform-engine-1.6.2.jar;C:\Users\rlarl\.m2\repository\org\mockito\mockito-core\3.3.3\mockito-core-3.3.3.jar;C:\Users\rlarl\.m2\repository\net\bytebuddy\byte-buddy\1.10.14\byte-buddy-1.10.14.jar;C:\Users\rlarl\.m2\repository\net\bytebuddy\byte-buddy-agent\1.10.14\byte-buddy-agent-1.10.14.jar;C:\Users\rlarl\.m2\repository\org\objenesis\objenesis\2.6\objenesis-2.6.jar;C:\Users\rlarl\.m2\repository\org\mockito\mockito-junit-jupiter\3.3.3\mockito-junit-jupiter-3.3.3.jar;C:\Users\rlarl\.m2\repository\org\skyscreamer\jsonassert\1.5.0\jsonassert-1.5.0.jar;C:\Users\rlarl\.m2\repository\com\vaadin\external\google\android-json\0.0.20131108.vaadin1\android-json-0.0.20131108.vaadin1.jar;C:\Users\rlarl\.m2\repository\org\springframework\spring-core\5.2.9.RELEASE\spring-core-5.2.9.RELEASE.jar;C:\Users\rlarl\.m2\repository\org\springframework\spring-jcl\5.2.9.RELEASE\spring-jcl-5.2.9.RELEASE.jar;C:\Users\rlarl\.m2\repository\org\springframework\spring-test\5.2.9.RELEASE\spring-test-5.2.9.RELEASE.jar;C:\Users\rlarl\.m2\repository\org\xmlunit\xmlunit-core\2.7.0\xmlunit-core-2.7.0.jar;C:\Users\rlarl\.m2\repository\io\projectreactor\reactor-test\3.3.10.RELEASE\reactor-test-3.3.10.RELEASE.jar;"/>
    <property name="java.vm.vendor" value="Oracle Corporation"/>
    <property name="sun.arch.data.model" value="64"/>
    <property name="user.variant" value=""/>
    <property name="java.vendor.url" value="https://java.oracle.com/"/>
    <property name="user.timezone" value="Asia/Seoul"/>
    <property name="os.name" value="Windows 10"/>
    <property name="java.vm.specification.version" value="14"/>
    <property name="sun.java.launcher" value="SUN_STANDARD"/>
    <property name="user.country" value="KR"/>
    <property name="sun.boot.library.path" value="D:\CODE\jdk14\bin"/>
    <property name="sun.java.command" value="C:\Users\rlarl\AppData\Local\Temp\surefire16373252002565484768\surefirebooter12488144861809691569.jar C:\Users\rlarl\AppData\Local\Temp\surefire16373252002565484768 2020-10-26T09-04-32_551-jvmRun1 surefire15896455574188732744tmp surefire_04452002332429979516tmp"/>
    <property name="jdk.debug" value="release"/>
    <property name="surefire.test.class.path" value="D:\CODE\intellij\projects\sample-springwebflux-mongodb\target\test-classes;D:\CODE\intellij\projects\sample-springwebflux-mongodb\target\classes;C:\Users\rlarl\.m2\repository\org\springframework\boot\spring-boot-starter-data-mongodb-reactive\2.3.4.RELEASE\spring-boot-starter-data-mongodb-reactive-2.3.4.RELEASE.jar;C:\Users\rlarl\.m2\repository\org\springframework\boot\spring-boot-starter\2.3.4.RELEASE\spring-boot-starter-2.3.4.RELEASE.jar;C:\Users\rlarl\.m2\repository\org\springframework\boot\spring-boot-starter-logging\2.3.4.RELEASE\spring-boot-starter-logging-2.3.4.RELEASE.jar;C:\Users\rlarl\.m2\repository\ch\qos\logback\logback-classic\1.2.3\logback-classic-1.2.3.jar;C:\Users\rlarl\.m2\repository\ch\qos\logback\logback-core\1.2.3\logback-core-1.2.3.jar;C:\Users\rlarl\.m2\repository\org\apache\logging\log4j\log4j-to-slf4j\2.13.3\log4j-to-slf4j-2.13.3.jar;C:\Users\rlarl\.m2\repository\org\apache\logging\log4j\log4j-api\2.13.3\log4j-api-2.13.3.jar;C:\Users\rlarl\.m2\repository\org\slf4j\jul-to-slf4j\1.7.30\jul-to-slf4j-1.7.30.jar;C:\Users\rlarl\.m2\repository\jakarta\annotation\jakarta.annotation-api\1.3.5\jakarta.annotation-api-1.3.5.jar;C:\Users\rlarl\.m2\repository\org\yaml\snakeyaml\1.26\snakeyaml-1.26.jar;C:\Users\rlarl\.m2\repository\io\projectreactor\reactor-core\3.3.10.RELEASE\reactor-core-3.3.10.RELEASE.jar;C:\Users\rlarl\.m2\repository\org\reactivestreams\reactive-streams\1.0.3\reactive-streams-1.0.3.jar;C:\Users\rlarl\.m2\repository\org\mongodb\mongodb-driver-reactivestreams\4.0.5\mongodb-driver-reactivestreams-4.0.5.jar;C:\Users\rlarl\.m2\repository\org\mongodb\bson\4.0.5\bson-4.0.5.jar;C:\Users\rlarl\.m2\repository\org\mongodb\mongodb-driver-core\4.0.5\mongodb-driver-core-4.0.5.jar;C:\Users\rlarl\.m2\repository\org\springframework\data\spring-data-mongodb\3.0.4.RELEASE\spring-data-mongodb-3.0.4.RELEASE.jar;C:\Users\rlarl\.m2\repository\org\springframework\spring-tx\5.2.9.RELEASE\spring-tx-5.2.9.RELEASE.jar;C:\Users\rlarl\.m2\repository\org\springframework\spring-context\5.2.9.RELEASE\spring-context-5.2.9.RELEASE.jar;C:\Users\rlarl\.m2\repository\org\springframework\spring-aop\5.2.9.RELEASE\spring-aop-5.2.9.RELEASE.jar;C:\Users\rlarl\.m2\repository\org\springframework\spring-beans\5.2.9.RELEASE\spring-beans-5.2.9.RELEASE.jar;C:\Users\rlarl\.m2\repository\org\springframework\spring-expression\5.2.9.RELEASE\spring-expression-5.2.9.RELEASE.jar;C:\Users\rlarl\.m2\repository\org\springframework\data\spring-data-commons\2.3.4.RELEASE\spring-data-commons-2.3.4.RELEASE.jar;C:\Users\rlarl\.m2\repository\org\slf4j\slf4j-api\1.7.30\slf4j-api-1.7.30.jar;C:\Users\rlarl\.m2\repository\org\springframework\boot\spring-boot-starter-webflux\2.3.4.RELEASE\spring-boot-starter-webflux-2.3.4.RELEASE.jar;C:\Users\rlarl\.m2\repository\org\springframework\boot\spring-boot-starter-json\2.3.4.RELEASE\spring-boot-starter-json-2.3.4.RELEASE.jar;C:\Users\rlarl\.m2\repository\com\fasterxml\jackson\core\jackson-databind\2.11.2\jackson-databind-2.11.2.jar;C:\Users\rlarl\.m2\repository\com\fasterxml\jackson\core\jackson-annotations\2.11.2\jackson-annotations-2.11.2.jar;C:\Users\rlarl\.m2\repository\com\fasterxml\jackson\core\jackson-core\2.11.2\jackson-core-2.11.2.jar;C:\Users\rlarl\.m2\repository\com\fasterxml\jackson\datatype\jackson-datatype-jdk8\2.11.2\jackson-datatype-jdk8-2.11.2.jar;C:\Users\rlarl\.m2\repository\com\fasterxml\jackson\datatype\jackson-datatype-jsr310\2.11.2\jackson-datatype-jsr310-2.11.2.jar;C:\Users\rlarl\.m2\repository\com\fasterxml\jackson\module\jackson-module-parameter-names\2.11.2\jackson-module-parameter-names-2.11.2.jar;C:\Users\rlarl\.m2\repository\org\springframework\boot\spring-boot-starter-reactor-netty\2.3.4.RELEASE\spring-boot-starter-reactor-netty-2.3.4.RELEASE.jar;C:\Users\rlarl\.m2\repository\io\projectreactor\netty\reactor-netty\0.9.12.RELEASE\reactor-netty-0.9.12.RELEASE.jar;C:\Users\rlarl\.m2\repository\io\netty\netty-codec-http\4.1.52.Final\netty-codec-http-4.1.52.Final.jar;C:\Users\rlarl\.m2\repository\io\netty\netty-common\4.1.52.Final\netty-common-4.1.52.Final.jar;C:\Users\rlarl\.m2\repository\io\netty\netty-buffer\4.1.52.Final\netty-buffer-4.1.52.Final.jar;C:\Users\rlarl\.m2\repository\io\netty\netty-transport\4.1.52.Final\netty-transport-4.1.52.Final.jar;C:\Users\rlarl\.m2\repository\io\netty\netty-codec\4.1.52.Final\netty-codec-4.1.52.Final.jar;C:\Users\rlarl\.m2\repository\io\netty\netty-codec-http2\4.1.52.Final\netty-codec-http2-4.1.52.Final.jar;C:\Users\rlarl\.m2\repository\io\netty\netty-handler\4.1.52.Final\netty-handler-4.1.52.Final.jar;C:\Users\rlarl\.m2\repository\io\netty\netty-resolver\4.1.52.Final\netty-resolver-4.1.52.Final.jar;C:\Users\rlarl\.m2\repository\io\netty\netty-handler-proxy\4.1.52.Final\netty-handler-proxy-4.1.52.Final.jar;C:\Users\rlarl\.m2\repository\io\netty\netty-codec-socks\4.1.52.Final\netty-codec-socks-4.1.52.Final.jar;C:\Users\rlarl\.m2\repository\io\netty\netty-transport-native-epoll\4.1.52.Final\netty-transport-native-epoll-4.1.52.Final-linux-x86_64.jar;C:\Users\rlarl\.m2\repository\io\netty\netty-transport-native-unix-common\4.1.52.Final\netty-transport-native-unix-common-4.1.52.Final.jar;C:\Users\rlarl\.m2\repository\org\springframework\spring-web\5.2.9.RELEASE\spring-web-5.2.9.RELEASE.jar;C:\Users\rlarl\.m2\repository\org\springframework\spring-webflux\5.2.9.RELEASE\spring-webflux-5.2.9.RELEASE.jar;C:\Users\rlarl\.m2\repository\org\synchronoss\cloud\nio-multipart-parser\1.1.0\nio-multipart-parser-1.1.0.jar;C:\Users\rlarl\.m2\repository\org\synchronoss\cloud\nio-stream-storage\1.1.3\nio-stream-storage-1.1.3.jar;C:\Users\rlarl\.m2\repository\org\springframework\boot\spring-boot-devtools\2.3.4.RELEASE\spring-boot-devtools-2.3.4.RELEASE.jar;C:\Users\rlarl\.m2\repository\org\springframework\boot\spring-boot\2.3.4.RELEASE\spring-boot-2.3.4.RELEASE.jar;C:\Users\rlarl\.m2\repository\org\springframework\boot\spring-boot-autoconfigure\2.3.4.RELEASE\spring-boot-autoconfigure-2.3.4.RELEASE.jar;C:\Users\rlarl\.m2\repository\org\springframework\boot\spring-boot-configuration-processor\2.3.4.RELEASE\spring-boot-configuration-processor-2.3.4.RELEASE.jar;C:\Users\rlarl\.m2\repository\org\projectlombok\lombok\1.18.12\lombok-1.18.12.jar;C:\Users\rlarl\.m2\repository\org\springframework\boot\spring-boot-starter-test\2.3.4.RELEASE\spring-boot-starter-test-2.3.4.RELEASE.jar;C:\Users\rlarl\.m2\repository\org\springframework\boot\spring-boot-test\2.3.4.RELEASE\spring-boot-test-2.3.4.RELEASE.jar;C:\Users\rlarl\.m2\repository\org\springframework\boot\spring-boot-test-autoconfigure\2.3.4.RELEASE\spring-boot-test-autoconfigure-2.3.4.RELEASE.jar;C:\Users\rlarl\.m2\repository\com\jayway\jsonpath\json-path\2.4.0\json-path-2.4.0.jar;C:\Users\rlarl\.m2\repository\net\minidev\json-smart\2.3\json-smart-2.3.jar;C:\Users\rlarl\.m2\repository\net\minidev\accessors-smart\1.2\accessors-smart-1.2.jar;C:\Users\rlarl\.m2\repository\org\ow2\asm\asm\5.0.4\asm-5.0.4.jar;C:\Users\rlarl\.m2\repository\jakarta\xml\bind\jakarta.xml.bind-api\2.3.3\jakarta.xml.bind-api-2.3.3.jar;C:\Users\rlarl\.m2\repository\jakarta\activation\jakarta.activation-api\1.2.2\jakarta.activation-api-1.2.2.jar;C:\Users\rlarl\.m2\repository\org\assertj\assertj-core\3.16.1\assertj-core-3.16.1.jar;C:\Users\rlarl\.m2\repository\org\hamcrest\hamcrest\2.2\hamcrest-2.2.jar;C:\Users\rlarl\.m2\repository\org\junit\jupiter\junit-jupiter\5.6.2\junit-jupiter-5.6.2.jar;C:\Users\rlarl\.m2\repository\org\junit\jupiter\junit-jupiter-api\5.6.2\junit-jupiter-api-5.6.2.jar;C:\Users\rlarl\.m2\repository\org\apiguardian\apiguardian-api\1.1.0\apiguardian-api-1.1.0.jar;C:\Users\rlarl\.m2\repository\org\opentest4j\opentest4j\1.2.0\opentest4j-1.2.0.jar;C:\Users\rlarl\.m2\repository\org\junit\platform\junit-platform-commons\1.6.2\junit-platform-commons-1.6.2.jar;C:\Users\rlarl\.m2\repository\org\junit\jupiter\junit-jupiter-params\5.6.2\junit-jupiter-params-5.6.2.jar;C:\Users\rlarl\.m2\repository\org\junit\jupiter\junit-jupiter-engine\5.6.2\junit-jupiter-engine-5.6.2.jar;C:\Users\rlarl\.m2\repository\org\junit\platform\junit-platform-engine\1.6.2\junit-platform-engine-1.6.2.jar;C:\Users\rlarl\.m2\repository\org\mockito\mockito-core\3.3.3\mockito-core-3.3.3.jar;C:\Users\rlarl\.m2\repository\net\bytebuddy\byte-buddy\1.10.14\byte-buddy-1.10.14.jar;C:\Users\rlarl\.m2\repository\net\bytebuddy\byte-buddy-agent\1.10.14\byte-buddy-agent-1.10.14.jar;C:\Users\rlarl\.m2\repository\org\objenesis\objenesis\2.6\objenesis-2.6.jar;C:\Users\rlarl\.m2\repository\org\mockito\mockito-junit-jupiter\3.3.3\mockito-junit-jupiter-3.3.3.jar;C:\Users\rlarl\.m2\repository\org\skyscreamer\jsonassert\1.5.0\jsonassert-1.5.0.jar;C:\Users\rlarl\.m2\repository\com\vaadin\external\google\android-json\0.0.20131108.vaadin1\android-json-0.0.20131108.vaadin1.jar;C:\Users\rlarl\.m2\repository\org\springframework\spring-core\5.2.9.RELEASE\spring-core-5.2.9.RELEASE.jar;C:\Users\rlarl\.m2\repository\org\springframework\spring-jcl\5.2.9.RELEASE\spring-jcl-5.2.9.RELEASE.jar;C:\Users\rlarl\.m2\repository\org\springframework\spring-test\5.2.9.RELEASE\spring-test-5.2.9.RELEASE.jar;C:\Users\rlarl\.m2\repository\org\xmlunit\xmlunit-core\2.7.0\xmlunit-core-2.7.0.jar;C:\Users\rlarl\.m2\repository\io\projectreactor\reactor-test\3.3.10.RELEASE\reactor-test-3.3.10.RELEASE.jar;"/>
    <property name="sun.cpu.endian" value="little"/>
    <property name="user.home" value="C:\Users\rlarl"/>
    <property name="user.language" value="ko"/>
    <property name="java.specification.vendor" value="Oracle Corporation"/>
    <property name="java.version.date" value="2020-04-14"/>
    <property name="java.home" value="D:\CODE\jdk14"/>
    <property name="file.separator" value="\"/>
    <property name="basedir" value="D:\CODE\intellij\projects\sample-springwebflux-mongodb"/>
    <property name="java.vm.compressedOopsMode" value="Zero based"/>
    <property name="line.separator" value="&#10;"/>
    <property name="java.vm.specification.vendor" value="Oracle Corporation"/>
    <property name="java.specification.name" value="Java Platform API Specification"/>
    <property name="idea.version2020.1.2" value="true"/>
    <property name="surefire.real.class.path" value="C:\Users\rlarl\AppData\Local\Temp\surefire16373252002565484768\surefirebooter12488144861809691569.jar"/>
    <property name="user.script" value=""/>
    <property name="sun.management.compiler" value="HotSpot 64-Bit Tiered Compilers"/>
    <property name="java.runtime.version" value="14.0.1+7"/>
    <property name="user.name" value="rlarl"/>
    <property name="path.separator" value=";"/>
    <property name="os.version" value="10.0"/>
    <property name="java.runtime.name" value="Java(TM) SE Runtime Environment"/>
    <property name="file.encoding" value="MS949"/>
    <property name="java.vm.name" value="Java HotSpot(TM) 64-Bit Server VM"/>
    <property name="localRepository" value="C:\Users\rlarl\.m2\repository"/>
    <property name="java.vendor.url.bug" value="https://bugreport.java.com/bugreport/"/>
    <property name="java.io.tmpdir" value="C:\Users\rlarl\AppData\Local\Temp\"/>
    <property name="java.version" value="14.0.1"/>
    <property name="user.dir" value="D:\CODE\intellij\projects\sample-springwebflux-mongodb"/>
    <property name="os.arch" value="amd64"/>
    <property name="java.vm.specification.name" value="Java Virtual Machine Specification"/>
    <property name="sun.os.patch.level" value=""/>
    <property name="java.library.path" value="D:\CODE\jdk14\bin;C:\WINDOWS\Sun\Java\bin;C:\WINDOWS\system32;C:\WINDOWS;D:\CODE\python\Scripts\;D:\CODE\python\;C:\WINDOWS\system32;C:\WINDOWS;C:\WINDOWS\System32\Wbem;C:\WINDOWS\System32\WindowsPowerShell\v1.0\;C:\WINDOWS\System32\OpenSSH\;D:\CODE\jdk14\bin;D:\CODE\gcc\x86_64-w64-mingw32\bin;D:\CODE\gcc\bin;D:\CODE\git\Git\cmd;C:\Program Files\Docker\Docker\resources\bin;C:\ProgramData\DockerDesktop\version-bin;C:\Users\rlarl\AppData\Local\Microsoft\WindowsApps;;D:\CODE\intellij\IntelliJ IDEA 2020.1.2\bin;;."/>
    <property name="java.vm.info" value="mixed mode, sharing"/>
    <property name="java.vendor" value="Oracle Corporation"/>
    <property name="java.vm.version" value="14.0.1+7"/>
    <property name="sun.io.unicode.encoding" value="UnicodeLittle"/>
    <property name="java.class.version" value="58.0"/>
  </properties>
  <testcase name="contextLoads" classname="com.example.demo.DemoApplicationTests" time="0.668"/>
</testsuite>